[ 25.02.2020 - 17:13:07 ]
    (MSG) [2] in SMILExtract : openSMILE starting!
[ 25.02.2020 - 17:13:07 ]
    (MSG) [2] in SMILExtract : config file is: /home/acer/Desktop/open_smile/modified_emobase2010.conf
[ 25.02.2020 - 17:13:07 ]
    (MSG) [2] in cComponentManager : successfully registered 96 component types.
[ 25.02.2020 - 17:13:07 ]
    (WARN) [2] in instance 'lld.reader' : Inconsistency in input level parameters. growDyn on first (#1) input = 0, growDyn on input # 5 (pitch) = 1. This might cause the processing to hang unpredictably or cause incomplete processing.
[ 25.02.2020 - 17:13:07 ]
    (WARN) [2] in instance 'lld.reader' : Inconsistency in input level parameters. isRb on first (#1) input = 1, isRb on input # 5 (pitch) = 0. This might cause the processing to hang unpredictably or cause incomplete processing.
[ 25.02.2020 - 17:13:07 ]
    (WARN) [1] in instance 'lld.reader' : Mismatch in input level buffer sizes (levelconf.nT). Level #0 has size 2 which is smaller than the max. input size of all input levels (10). This might cause the processing to hang unpredictably or cause incomplete processing.
[ 25.02.2020 - 17:13:07 ]
    (WARN) [1] in instance 'lld.reader' : Mismatch in input level buffer sizes (levelconf.nT). Level #1 has size 2 which is smaller than the max. input size of all input levels (10). This might cause the processing to hang unpredictably or cause incomplete processing.
[ 25.02.2020 - 17:13:07 ]
    (WARN) [1] in instance 'lld.reader' : Mismatch in input level buffer sizes (levelconf.nT). Level #2 has size 2 which is smaller than the max. input size of all input levels (10). This might cause the processing to hang unpredictably or cause incomplete processing.
[ 25.02.2020 - 17:13:07 ]
    (WARN) [1] in instance 'lld.reader' : Mismatch in input level buffer sizes (levelconf.nT). Level #3 has size 2 which is smaller than the max. input size of all input levels (10). This might cause the processing to hang unpredictably or cause incomplete processing.
[ 25.02.2020 - 17:13:07 ]
    (WARN) [1] in instance 'lld2.reader' : Mismatch in input level buffer sizes (levelconf.nT). Level #0 has size 10 which is smaller than the max. input size of all input levels (100). This might cause the processing to hang unpredictably or cause incomplete processing.
[ 25.02.2020 - 17:13:07 ]
    (MSG) [2] in cComponentManager : successfully finished createInstances
                                 (31 component instances were finalised, 1 data memories were finalised)
[ 25.02.2020 - 17:13:07 ]
    (MSG) [2] in cComponentManager : starting single thread processing loop
[ 25.02.2020 - 17:13:07 ]
    (MSG) [2] in cComponentManager : Processing finished! System ran for 251 ticks.
